<?xml version="1.0" encoding="UTF-8"?>
<testsuite xmlns:xsi="http://www.w3.org/2001/XMLSchema-instance" xsi:noNamespaceSchemaLocation="https://maven.apache.org/surefire/maven-surefire-plugin/xsd/surefire-test-report.xsd" name="com.robinson.projects.sainsburystest.ScraperTaskTest" time="0.041" tests="1" errors="0" skipped="0" failures="1">
  <properties>
    <property name="sun.desktop" value="windows"/>
    <property name="awt.toolkit" value="sun.awt.windows.WToolkit"/>
    <property name="file.encoding.pkg" value="sun.io"/>
    <property name="java.specification.version" value="1.8"/>
    <property name="sun.cpu.isalist" value="amd64"/>
    <property name="sun.jnu.encoding" value="Cp1252"/>
    <property name="java.class.path" value="C:\Users\Andrew Robinson\workspace-spring-tool-suite-4-4.1.2.RELEASE\sainsburystest\target\test-classes;C:\Users\Andrew Robinson\workspace-spring-tool-suite-4-4.1.2.RELEASE\sainsburystest\target\classes;C:\Users\Andrew Robinson\.m2\repository\org\junit\jupiter\junit-jupiter\5.5.0-M1\junit-jupiter-5.5.0-M1.jar;C:\Users\Andrew Robinson\.m2\repository\org\junit\jupiter\junit-jupiter-api\5.5.0-M1\junit-jupiter-api-5.5.0-M1.jar;C:\Users\Andrew Robinson\.m2\repository\org\opentest4j\opentest4j\1.1.1\opentest4j-1.1.1.jar;C:\Users\Andrew Robinson\.m2\repository\org\junit\platform\junit-platform-commons\1.5.0-M1\junit-platform-commons-1.5.0-M1.jar;C:\Users\Andrew Robinson\.m2\repository\org\junit\jupiter\junit-jupiter-params\5.5.0-M1\junit-jupiter-params-5.5.0-M1.jar;C:\Users\Andrew Robinson\.m2\repository\org\junit\jupiter\junit-jupiter-engine\5.5.0-M1\junit-jupiter-engine-5.5.0-M1.jar;C:\Users\Andrew Robinson\.m2\repository\org\apiguardian\apiguardian-api\1.0.0\apiguardian-api-1.0.0.jar;C:\Users\Andrew Robinson\.m2\repository\org\junit\platform\junit-platform-engine\1.5.0-M1\junit-platform-engine-1.5.0-M1.jar;"/>
    <property name="java.vm.vendor" value="Oracle Corporation"/>
    <property name="sun.arch.data.model" value="64"/>
    <property name="user.variant" value=""/>
    <property name="java.vendor.url" value="http://java.oracle.com/"/>
    <property name="user.timezone" value="Europe/London"/>
    <property name="java.vm.specification.version" value="1.8"/>
    <property name="os.name" value="Windows 10"/>
    <property name="user.country" value="GB"/>
    <property name="sun.java.launcher" value="SUN_STANDARD"/>
    <property name="sun.boot.library.path" value="C:\Program Files\Java\jdk1.8.0_192\jre\bin"/>
    <property name="sun.java.command" value="C:\Users\ANDREW~1\AppData\Local\Temp\surefire5968503103247714265\surefirebooter6052304614639291894.jar C:\Users\Andrew Robinson\AppData\Local\Temp\surefire5968503103247714265 2019-07-01T23-43-04_665-jvmRun1 surefire7525312732528630192tmp surefire_07785879147908296683tmp"/>
    <property name="surefire.test.class.path" value="C:\Users\Andrew Robinson\workspace-spring-tool-suite-4-4.1.2.RELEASE\sainsburystest\target\test-classes;C:\Users\Andrew Robinson\workspace-spring-tool-suite-4-4.1.2.RELEASE\sainsburystest\target\classes;C:\Users\Andrew Robinson\.m2\repository\org\junit\jupiter\junit-jupiter\5.5.0-M1\junit-jupiter-5.5.0-M1.jar;C:\Users\Andrew Robinson\.m2\repository\org\junit\jupiter\junit-jupiter-api\5.5.0-M1\junit-jupiter-api-5.5.0-M1.jar;C:\Users\Andrew Robinson\.m2\repository\org\opentest4j\opentest4j\1.1.1\opentest4j-1.1.1.jar;C:\Users\Andrew Robinson\.m2\repository\org\junit\platform\junit-platform-commons\1.5.0-M1\junit-platform-commons-1.5.0-M1.jar;C:\Users\Andrew Robinson\.m2\repository\org\junit\jupiter\junit-jupiter-params\5.5.0-M1\junit-jupiter-params-5.5.0-M1.jar;C:\Users\Andrew Robinson\.m2\repository\org\junit\jupiter\junit-jupiter-engine\5.5.0-M1\junit-jupiter-engine-5.5.0-M1.jar;C:\Users\Andrew Robinson\.m2\repository\org\apiguardian\apiguardian-api\1.0.0\apiguardian-api-1.0.0.jar;C:\Users\Andrew Robinson\.m2\repository\org\junit\platform\junit-platform-engine\1.5.0-M1\junit-platform-engine-1.5.0-M1.jar;"/>
    <property name="sun.cpu.endian" value="little"/>
    <property name="user.home" value="C:\Users\Andrew Robinson"/>
    <property name="user.language" value="en"/>
    <property name="java.specification.vendor" value="Oracle Corporation"/>
    <property name="java.home" value="C:\Program Files\Java\jdk1.8.0_192\jre"/>
    <property name="basedir" value="C:\Users\Andrew Robinson\workspace-spring-tool-suite-4-4.1.2.RELEASE\sainsburystest"/>
    <property name="file.separator" value="\"/>
    <property name="line.separator" value="&#10;"/>
    <property name="java.vm.specification.vendor" value="Oracle Corporation"/>
    <property name="java.specification.name" value="Java Platform API Specification"/>
    <property name="java.awt.graphicsenv" value="sun.awt.Win32GraphicsEnvironment"/>
    <property name="surefire.real.class.path" value="C:\Users\ANDREW~1\AppData\Local\Temp\surefire5968503103247714265\surefirebooter6052304614639291894.jar"/>
    <property name="sun.boot.class.path" value="C:\Program Files\Java\jdk1.8.0_192\jre\lib\resources.jar;C:\Program Files\Java\jdk1.8.0_192\jre\lib\rt.jar;C:\Program Files\Java\jdk1.8.0_192\jre\lib\sunrsasign.jar;C:\Program Files\Java\jdk1.8.0_192\jre\lib\jsse.jar;C:\Program Files\Java\jdk1.8.0_192\jre\lib\jce.jar;C:\Program Files\Java\jdk1.8.0_192\jre\lib\charsets.jar;C:\Program Files\Java\jdk1.8.0_192\jre\lib\jfr.jar;C:\Program Files\Java\jdk1.8.0_192\jre\classes"/>
    <property name="user.script" value=""/>
    <property name="sun.management.compiler" value="HotSpot 64-Bit Tiered Compilers"/>
    <property name="java.runtime.version" value="1.8.0_192-b12"/>
    <property name="user.name" value="Andrew Robinson"/>
    <property name="path.separator" value=";"/>
    <property name="os.version" value="10.0"/>
    <property name="java.endorsed.dirs" value="C:\Program Files\Java\jdk1.8.0_192\jre\lib\endorsed"/>
    <property name="java.runtime.name" value="Java(TM) SE Runtime Environment"/>
    <property name="file.encoding" value="Cp1252"/>
    <property name="java.vm.name" value="Java HotSpot(TM) 64-Bit Server VM"/>
    <property name="localRepository" value="C:\Users\Andrew Robinson\.m2\repository"/>
    <property name="java.vendor.url.bug" value="http://bugreport.sun.com/bugreport/"/>
    <property name="java.io.tmpdir" value="C:\Users\ANDREW~1\AppData\Local\Temp\"/>
    <property name="java.version" value="1.8.0_192"/>
    <property name="user.dir" value="C:\Users\Andrew Robinson\workspace-spring-tool-suite-4-4.1.2.RELEASE\sainsburystest"/>
    <property name="os.arch" value="amd64"/>
    <property name="java.vm.specification.name" value="Java Virtual Machine Specification"/>
    <property name="java.awt.printerjob" value="sun.awt.windows.WPrinterJob"/>
    <property name="sun.os.patch.level" value=""/>
    <property name="java.library.path" value="C:\Program Files\Java\jdk1.8.0_192\jre\bin;C:\WINDOWS\Sun\Java\bin;C:\WINDOWS\system32;C:\WINDOWS;C:/Program Files/Java/jdk1.8.0_192/bin/../jre/bin/server;C:/Program Files/Java/jdk1.8.0_192/bin/../jre/bin;C:/Program Files/Java/jdk1.8.0_192/bin/../jre/lib/amd64;C:\WINDOWS\system32;C:\WINDOWS;C:\WINDOWS\System32\Wbem;C:\WINDOWS\System32\WindowsPowerShell\v1.0\;C:\WINDOWS\System32\OpenSSH\;C:\Program Files\dotnet\;C:\Program Files\nodejs\;C:\Program Files (x86)\scala\bin;C:\Program Files (x86)\get_iplayer;C:\Program Files\Git\cmd;C:\Users\Andrew Robinson\apache-maven-3.6.1\bin;C:\Users\Andrew Robinson\AppData\Local\Microsoft\WindowsApps;C:\Users\Andrew Robinson\AppData\Local\Programs\Microsoft VS Code\bin;C:\Users\Andrew Robinson\.dotnet\tools;C:\Gradle\bin;C:\Users\Andrew Robinson\AppData\Local\Programs\MiKTeX 2.9\miktex\bin\x64\;C:\Users\Andrew Robinson\AppData\Local\Programs\EmEditor;C:\Users\Andrew Robinson\AppData\Roaming\npm;C:\Users\Andrew Robinson\AppData\Local\GitHubDesktop\bin;C:\Program Files\swipl\bin;C:\Program Files\Java\jdk1.8.0_192\bin;C:\apache-ant-1.9.13\bin;;C:\Users\Andrew Robinson\AppData\Local\Microsoft\WindowsApps;C:\Users\Andrew Robinson\spring-tool-suite;;."/>
    <property name="java.vm.info" value="mixed mode"/>
    <property name="java.vendor" value="Oracle Corporation"/>
    <property name="java.vm.version" value="25.192-b12"/>
    <property name="java.ext.dirs" value="C:\Program Files\Java\jdk1.8.0_192\jre\lib\ext;C:\WINDOWS\Sun\Java\lib\ext"/>
    <property name="sun.io.unicode.encoding" value="UnicodeLittle"/>
    <property name="java.class.version" value="52.0"/>
  </properties>
  <testcase name="test" classname="com.robinson.projects.sainsburystest.ScraperTaskTest" time="0.033">
    <failure message="expected: &lt;true&gt; but was: &lt;false&gt;" type="org.opentest4j.AssertionFailedError"><![CDATA[org.opentest4j.AssertionFailedError: expected: <true> but was: <false>
	at com.robinson.projects.sainsburystest.ScraperTaskTest.test(ScraperTaskTest.java:11)
]]></failure>
  </testcase>
</testsuite>